[0825/185944.003:ERROR:process_reader_win.cc(123)] NtOpenThread: {Access Denied} A process has requested access to an object, but has not been granted those access rights. (0xc0000022)
[0825/185944.003:ERROR:process_reader_win.cc(123)] NtOpenThread: {Access Denied} A process has requested access to an object, but has not been granted those access rights. (0xc0000022)
[0825/185944.003:ERROR:process_reader_win.cc(123)] NtOpenThread: {Access Denied} A process has requested access to an object, but has not been granted those access rights. (0xc0000022)
[0825/185944.003:ERROR:process_reader_win.cc(123)] NtOpenThread: {Access Denied} A process has requested access to an object, but has not been granted those access rights. (0xc0000022)
[0825/185943.988:ERROR:process_reader_win.cc(123)] NtOpenThread: {Access Denied} A process has requested access to an object, but has not been granted those access rights. (0xc0000022)
[0825/185944.722:ERROR:exception_snapshot_win.cc(98)] thread ID 15528 not found in process
[0825/185944.722:ERROR:exception_snapshot_win.cc(98)] thread ID 17656 not found in process
[0825/185944.722:ERROR:exception_snapshot_win.cc(98)] thread ID 2804 not found in process
[0825/185944.769:ERROR:exception_snapshot_win.cc(98)] thread ID 16164 not found in process
[0825/185944.769:ERROR:exception_snapshot_win.cc(98)] thread ID 21148 not found in process
[1003/185306.453:ERROR:process_reader_win.cc(123)] NtOpenThread: {Access Denied} A process has requested access to an object, but has not been granted those access rights. (0xc0000022)
[1009/152930.781:ERROR:directory_reader_win.cc(43)] FindFirstFile: The system cannot find the path specified. (0x3)
[1009/165249.068:ERROR:directory_reader_win.cc(43)] FindFirstFile: The system cannot find the path specified. (0x3)
[1011/114828.183:ERROR:directory_reader_win.cc(43)] FindFirstFile: The system cannot find the path specified. (0x3)
[1012/101850.755:ERROR:directory_reader_win.cc(43)] FindFirstFile: The system cannot find the path specified. (0x3)
[1012/114856.906:ERROR:directory_reader_win.cc(43)] FindFirstFile: The system cannot find the path specified. (0x3)
[1013/104431.855:ERROR:directory_reader_win.cc(43)] FindFirstFile: The system cannot find the path specified. (0x3)
[1014/103203.797:ERROR:directory_reader_win.cc(43)] FindFirstFile: The system cannot find the path specified. (0x3)
[1014/165612.679:ERROR:process_memory_win.cc(73)] ReadMemory at 0x7ff680590000 of 64 bytes failed: Only part of a ReadProcessMemory or WriteProcessMemory request was completed. (0x12B)
[1014/165612.943:WARNING:pe_image_reader.cc(340)] could not read dos header from C:\Program Files (x86)\Google\Chrome\Application\chrome.exe
[1014/165612.943:ERROR:process_memory_win.cc(73)] ReadMemory at 0x7ffecd860000 of 64 bytes failed: Only part of a ReadProcessMemory or WriteProcessMemory request was completed. (0x12B)
[1014/165612.943:WARNING:pe_image_reader.cc(340)] could not read dos header from C:\Windows\SYSTEM32\ntdll.dll
[1014/165612.943:ERROR:process_memory_win.cc(73)] ReadMemory at 0x7ffecbd60000 of 64 bytes failed: Only part of a ReadProcessMemory or WriteProcessMemory request was completed. (0x12B)
[1014/165612.943:WARNING:pe_image_reader.cc(340)] could not read dos header from C:\Windows\System32\KERNEL32.DLL
[1014/165612.943:ERROR:process_memory_win.cc(73)] ReadMemory at 0x7ffecac20000 of 64 bytes failed: Only part of a ReadProcessMemory or WriteProcessMemory request was completed. (0x12B)
[1014/165612.943:WARNING:pe_image_reader.cc(340)] could not read dos header from C:\Windows\System32\KERNELBASE.dll
[1014/165612.943:ERROR:process_memory_win.cc(73)] ReadMemory at 0x7ffe81cc0000 of 64 bytes failed: Only part of a ReadProcessMemory or WriteProcessMemory request was completed. (0x12B)
[1014/165612.943:WARNING:pe_image_reader.cc(340)] could not read dos header from C:\Program Files (x86)\Google\Chrome\Application\86.0.4240.75\chrome_elf.dll
[1014/165612.943:ERROR:process_memory_win.cc(73)] ReadMemory at 0x7ffec4090000 of 64 bytes failed: Only part of a ReadProcessMemory or WriteProcessMemory request was completed. (0x12B)
[1014/165613.070:WARNING:pe_image_reader.cc(340)] could not read dos header from C:\Windows\SYSTEM32\VERSION.dll
[1014/165613.070:ERROR:process_memory_win.cc(73)] ReadMemory at 0x7ffecd780000 of 64 bytes failed: Only part of a ReadProcessMemory or WriteProcessMemory request was completed. (0x12B)
[1014/165613.070:WARNING:pe_image_reader.cc(340)] could not read dos header from C:\Windows\System32\msvcrt.dll
[1014/165613.070:ERROR:process_memory_win.cc(73)] ReadMemory at 0x7ffecab80000 of 64 bytes failed: Only part of a ReadProcessMemory or WriteProcessMemory request was completed. (0x12B)
[1014/165613.070:WARNING:pe_image_reader.cc(340)] could not read dos header from C:\Windows\System32\bcryptPrimitives.dll
[1014/165613.070:ERROR:process_memory_win.cc(73)] ReadMemory at 0x2db6eba0000 of 64 bytes failed: Only part of a ReadProcessMemory or WriteProcessMemory request was completed. (0x12B)
[1014/165613.070:WARNING:pe_image_reader.cc(340)] could not read dos header from C:\Windows\System32\ADVAPI32.dll
[1014/165613.070:ERROR:process_memory_win.cc(73)] ReadMemory at 0x7ffecc060000 of 64 bytes failed: Only part of a ReadProcessMemory or WriteProcessMemory request was completed. (0x12B)
[1014/165613.070:WARNING:pe_image_reader.cc(340)] could not read dos header from C:\Windows\System32\sechost.dll
[1014/165613.070:ERROR:process_memory_win.cc(73)] ReadMemory at 0x7ffecd490000 of 64 bytes failed: Only part of a ReadProcessMemory or WriteProcessMemory request was completed. (0x12B)
[1014/165613.070:WARNING:pe_image_reader.cc(340)] could not read dos header from C:\Windows\System32\RPCRT4.dll
[1014/165613.070:ERROR:process_memory_win.cc(73)] ReadMemory at 0x7ffe34930000 of 64 bytes failed: Only part of a ReadProcessMemory or WriteProcessMemory request was completed. (0x12B)
[1014/165613.070:WARNING:pe_image_reader.cc(340)] could not read dos header from C:\Program Files (x86)\Google\Chrome\Application\86.0.4240.75\chrome.dll
[1014/165613.070:ERROR:process_memory_win.cc(73)] ReadMemory at 0x7ffecc1d0000 of 64 bytes failed: Only part of a ReadProcessMemory or WriteProcessMemory request was completed. (0x12B)
[1014/165613.070:WARNING:pe_image_reader.cc(340)] could not read dos header from C:\Windows\System32\WS2_32.dll
[1014/165613.070:ERROR:process_memory_win.cc(73)] ReadMemory at 0x7ffecd3c0000 of 64 bytes failed: Only part of a ReadProcessMemory or WriteProcessMemory request was completed. (0x12B)
[1014/165613.070:WARNING:pe_image_reader.cc(340)] could not read dos header from C:\Windows\System32\OLEAUT32.dll
[1014/165613.070:ERROR:process_memory_win.cc(73)] ReadMemory at 0x7ffeca990000 of 64 bytes failed: Only part of a ReadProcessMemory or WriteProcessMemory request was completed. (0x12B)
[1014/165613.070:WARNING:pe_image_reader.cc(340)] could not read dos header from C:\Windows\System32\msvcp_win.dll
[1014/165613.070:ERROR:process_memory_win.cc(73)] ReadMemory at 0x7ffecb700000 of 64 bytes failed: Only part of a ReadProcessMemory or WriteProcessMemory request was completed. (0x12B)
[1014/165613.070:WARNING:pe_image_reader.cc(340)] could not read dos header from C:\Windows\System32\ucrtbase.dll
[1014/165613.070:ERROR:process_memory_win.cc(73)] ReadMemory at 0x7ffecc3f0000 of 64 bytes failed: Only part of a ReadProcessMemory or WriteProcessMemory request was completed. (0x12B)
[1014/165613.070:WARNING:pe_image_reader.cc(340)] could not read dos header from C:\Windows\System32\combase.dll
[1014/165613.070:ERROR:process_memory_win.cc(73)] ReadMemory at 0x7ffecb6a0000 of 64 bytes failed: Only part of a ReadProcessMemory or WriteProcessMemory request was completed. (0x12B)
[1014/165613.070:WARNING:pe_image_reader.cc(340)] could not read dos header from C:\Windows\System32\WINTRUST.dll
[1014/165613.070:ERROR:process_memory_win.cc(73)] ReadMemory at 0x7ffeca730000 of 64 bytes failed: Only part of a ReadProcessMemory or WriteProcessMemory request was completed. (0x12B)
[1014/165613.070:WARNING:pe_image_reader.cc(340)] could not read dos header from C:\Windows\System32\MSASN1.dll
[1014/165613.070:ERROR:process_memory_win.cc(73)] ReadMemory at 0x7ffecaa30000 of 64 bytes failed: Only part of a ReadProcessMemory or WriteProcessMemory request was completed. (0x12B)
[1014/165613.070:WARNING:pe_image_reader.cc(340)] could not read dos header from C:\Windows\System32\CRYPT32.dll
[1014/165613.070:ERROR:process_memory_win.cc(73)] ReadMemory at 0x7ffebf300000 of 64 bytes failed: Only part of a ReadProcessMemory or WriteProcessMemory request was completed. (0x12B)
[1014/165613.070:WARNING:pe_image_reader.cc(340)] could not read dos header from C:\Windows\SYSTEM32\dbghelp.dll
[1014/165613.070:ERROR:process_memory_win.cc(73)] ReadMemory at 0x7ffec9c20000 of 64 bytes failed: Only part of a ReadProcessMemory or WriteProcessMemory request was completed. (0x12B)
[1014/165613.070:WARNING:pe_image_reader.cc(340)] could not read dos header from C:\Windows\SYSTEM32\IPHLPAPI.DLL
[1014/165613.070:ERROR:process_memory_win.cc(73)] ReadMemory at 0x7ffec8210000 of 64 bytes failed: Only part of a ReadProcessMemory or WriteProcessMemory request was completed. (0x12B)
[1014/165613.070:WARNING:pe_image_reader.cc(340)] could not read dos header from C:\Windows\SYSTEM32\WINMM.dll
[1014/165613.070:ERROR:process_memory_win.cc(73)] ReadMemory at 0x7ffea0840000 of 64 bytes failed: Only part of a ReadProcessMemory or WriteProcessMemory request was completed. (0x12B)
[1014/165613.070:WARNING:pe_image_reader.cc(340)] could not read dos header from C:\Windows\SYSTEM32\UIAutomationCore.DLL
[1014/165613.070:ERROR:process_memory_win.cc(73)] ReadMemory at 0x7ffeb2c40000 of 64 bytes failed: Only part of a ReadProcessMemory or WriteProcessMemory request was completed. (0x12B)
[1014/165613.070:WARNING:pe_image_reader.cc(340)] could not read dos header from C:\Windows\SYSTEM32\Secur32.dll
[1014/165613.070:ERROR:process_memory_win.cc(73)] ReadMemory at 0x7ffeca640000 of 64 bytes failed: Only part of a ReadProcessMemory or WriteProcessMemory request was completed. (0x12B)
[1014/165613.070:WARNING:pe_image_reader.cc(340)] could not read dos header from C:\Windows\SYSTEM32\USERENV.dll
[1014/165613.070:ERROR:process_memory_win.cc(73)] ReadMemory at 0x7ffeca770000 of 64 bytes failed: Only part of a ReadProcessMemory or WriteProcessMemory request was completed. (0x12B)
[1014/165613.070:WARNING:pe_image_reader.cc(340)] could not read dos header from C:\Windows\System32\profapi.dll
[1014/165613.070:ERROR:process_memory_win.cc(73)] ReadMemory at 0x7ffebb5d0000 of 64 bytes failed: Only part of a ReadProcessMemory or WriteProcessMemory request was completed. (0x12B)
[1014/165613.070:WARNING:pe_image_reader.cc(340)] could not read dos header from C:\Windows\SYSTEM32\DWrite.dll
[1014/165613.070:ERROR:process_memory_win.cc(73)] ReadMemory at 0x7ffea1ba0000 of 64 bytes failed: Only part of a ReadProcessMemory or WriteProcessMemory request was completed. (0x12B)
[1014/165613.070:WARNING:pe_image_reader.cc(340)] could not read dos header from C:\Windows\SYSTEM32\WINSPOOL.DRV
[1014/165613.070:ERROR:process_memory_win.cc(73)] ReadMemory at 0x7ffeca750000 of 64 bytes failed: Only part of a ReadProcessMemory or WriteProcessMemory request was completed. (0x12B)
[1014/165613.070:WARNING:pe_image_reader.cc(340)] could not read dos header from C:\Windows\System32\kernel.appcore.dll
[1014/165613.070:ERROR:process_memory_win.cc(73)] ReadMemory at 0x7ffecb8e0000 of 64 bytes failed: Only part of a ReadProcessMemory or WriteProcessMemory request was completed. (0x12B)
[1014/165613.070:WARNING:pe_image_reader.cc(340)] could not read dos header from C:\Windows\System32\bcrypt.dll
[1014/165613.070:ERROR:process_memory_win.cc(73)] ReadMemory at 0x7ffebb030000 of 64 bytes failed: Only part of a ReadProcessMemory or WriteProcessMemory request was completed. (0x12B)
[1014/165613.070:WARNING:pe_image_reader.cc(340)] could not read dos header from C:\Windows\SYSTEM32\WINHTTP.dll
[1014/165613.070:ERROR:process_memory_win.cc(73)] ReadMemory at 0x7ffeba650000 of 64 bytes failed: Only part of a ReadProcessMemory or WriteProcessMemory request was completed. (0x12B)
[1014/165613.070:WARNING:pe_image_reader.cc(340)] could not read dos header from C:\Windows\SYSTEM32\dhcpcsvc.DLL
[1014/165613.070:ERROR:process_memory_win.cc(73)] ReadMemory at 0x7ffecc730000 of 64 bytes failed: Only part of a ReadProcessMemory or WriteProcessMemory request was completed. (0x12B)
[1014/165613.070:WARNING:pe_image_reader.cc(340)] could not read dos header from C:\Windows\System32\NSI.dll
[1014/165613.070:ERROR:process_memory_win.cc(73)] ReadMemory at 0x7ffec81e0000 of 64 bytes failed: Only part of a ReadProcessMemory or WriteProcessMemory request was completed. (0x12B)
[1014/165613.070:WARNING:pe_image_reader.cc(340)] could not read dos header from C:\Windows\SYSTEM32\WINMMBASE.dll
[1014/165613.070:ERROR:process_memory_win.cc(73)] ReadMemory at 0x7ffecaed0000 of 64 bytes failed: Only part of a ReadProcessMemory or WriteProcessMemory request was completed. (0x12B)
[1014/165613.070:WARNING:pe_image_reader.cc(340)] could not read dos header from C:\Windows\System32\cfgmgr32.dll
[1014/165613.070:ERROR:process_memory_win.cc(73)] ReadMemory at 0x7ffec6d40000 of 64 bytes failed: Only part of a ReadProcessMemory or WriteProcessMemory request was completed. (0x12B)
[1014/165613.070:WARNING:pe_image_reader.cc(340)] could not read dos header from C:\Windows\SYSTEM32\PROPSYS.dll
[1014/165613.070:ERROR:process_memory_win.cc(73)] ReadMemory at 0x7ffecd6d0000 of 64 bytes failed: Only part of a ReadProcessMemory or WriteProcessMemory request was completed. (0x12B)
[1014/165613.070:WARNING:pe_image_reader.cc(340)] could not read dos header from C:\Windows\System32\shcore.dll
[1014/165613.070:ERROR:process_memory_win.cc(73)] ReadMemory at 0x7ffeca600000 of 64 bytes failed: Only part of a ReadProcessMemory or WriteProcessMemory request was completed. (0x12B)
[1014/165613.070:WARNING:pe_image_reader.cc(340)] could not read dos header from C:\Windows\SYSTEM32\SSPICLI.DLL
[1014/165613.070:ERROR:process_memory_win.cc(73)] ReadMemory at 0x7ffeca0e0000 of 64 bytes failed: Only part of a ReadProcessMemory or WriteProcessMemory request was completed. (0x12B)
[1014/165613.070:WARNING:pe_image_reader.cc(340)] could not read dos header from C:\Windows\SYSTEM32\CRYPTBASE.DLL
[1014/165613.170:ERROR:process_memory_win.cc(73)] ReadMemory at 0x7ff680590000 of 64 bytes failed: Only part of a ReadProcessMemory or WriteProcessMemory request was completed. (0x12B)
[1014/165613.170:WARNING:pe_image_reader.cc(340)] could not read dos header from C:\Program Files (x86)\Google\Chrome\Application\chrome.exe
[1014/165613.170:ERROR:process_memory_win.cc(73)] ReadMemory at 0x7ffecd860000 of 64 bytes failed: Only part of a ReadProcessMemory or WriteProcessMemory request was completed. (0x12B)
[1014/165613.170:WARNING:pe_image_reader.cc(340)] could not read dos header from C:\Windows\SYSTEM32\ntdll.dll
[1014/165613.170:ERROR:process_memory_win.cc(73)] ReadMemory at 0x7ffecbd60000 of 64 bytes failed: Only part of a ReadProcessMemory or WriteProcessMemory request was completed. (0x12B)
[1014/165613.170:WARNING:pe_image_reader.cc(340)] could not read dos header from C:\Windows\System32\KERNEL32.DLL
[1014/165613.170:ERROR:process_memory_win.cc(73)] ReadMemory at 0x7ffecac20000 of 64 bytes failed: Only part of a ReadProcessMemory or WriteProcessMemory request was completed. (0x12B)
[1014/165613.170:WARNING:pe_image_reader.cc(340)] could not read dos header from C:\Windows\System32\KERNELBASE.dll
[1014/165613.170:ERROR:process_memory_win.cc(73)] ReadMemory at 0x7ffe81cc0000 of 64 bytes failed: Only part of a ReadProcessMemory or WriteProcessMemory request was completed. (0x12B)
[1014/165613.170:WARNING:pe_image_reader.cc(340)] could not read dos header from C:\Program Files (x86)\Google\Chrome\Application\86.0.4240.75\chrome_elf.dll
[1014/165613.170:ERROR:process_memory_win.cc(73)] ReadMemory at 0x7ffec4090000 of 64 bytes failed: Only part of a ReadProcessMemory or WriteProcessMemory request was completed. (0x12B)
[1014/165613.170:WARNING:pe_image_reader.cc(340)] could not read dos header from C:\Windows\SYSTEM32\VERSION.dll
[1014/165613.170:ERROR:process_memory_win.cc(73)] ReadMemory at 0x7ffecd780000 of 64 bytes failed: Only part of a ReadProcessMemory or WriteProcessMemory request was completed. (0x12B)
[1014/165613.170:WARNING:pe_image_reader.cc(340)] could not read dos header from C:\Windows\System32\msvcrt.dll
[1014/165613.170:ERROR:process_memory_win.cc(73)] ReadMemory at 0x7ffecab80000 of 64 bytes failed: Only part of a ReadProcessMemory or WriteProcessMemory request was completed. (0x12B)
[1014/165613.170:WARNING:pe_image_reader.cc(340)] could not read dos header from C:\Windows\System32\bcryptPrimitives.dll
[1014/165613.170:ERROR:process_memory_win.cc(73)] ReadMemory at 0x2db6eba0000 of 64 bytes failed: Only part of a ReadProcessMemory or WriteProcessMemory request was completed. (0x12B)
[1014/165613.170:WARNING:pe_image_reader.cc(340)] could not read dos header from C:\Windows\System32\ADVAPI32.dll
[1014/165613.170:ERROR:process_memory_win.cc(73)] ReadMemory at 0x7ffecc060000 of 64 bytes failed: Only part of a ReadProcessMemory or WriteProcessMemory request was completed. (0x12B)
[1014/165613.170:WARNING:pe_image_reader.cc(340)] could not read dos header from C:\Windows\System32\sechost.dll
[1014/165613.170:ERROR:process_memory_win.cc(73)] ReadMemory at 0x7ffecd490000 of 64 bytes failed: Only part of a ReadProcessMemory or WriteProcessMemory request was completed. (0x12B)
[1014/165613.170:WARNING:pe_image_reader.cc(340)] could not read dos header from C:\Windows\System32\RPCRT4.dll
[1014/165613.170:ERROR:process_memory_win.cc(73)] ReadMemory at 0x7ffe34930000 of 64 bytes failed: Only part of a ReadProcessMemory or WriteProcessMemory request was completed. (0x12B)
[1014/165613.170:WARNING:pe_image_reader.cc(340)] could not read dos header from C:\Program Files (x86)\Google\Chrome\Application\86.0.4240.75\chrome.dll
[1014/165613.170:ERROR:process_memory_win.cc(73)] ReadMemory at 0x7ffecc1d0000 of 64 bytes failed: Only part of a ReadProcessMemory or WriteProcessMemory request was completed. (0x12B)
[1014/165613.170:WARNING:pe_image_reader.cc(340)] could not read dos header from C:\Windows\System32\WS2_32.dll
[1014/165613.170:ERROR:process_memory_win.cc(73)] ReadMemory at 0x7ffecd3c0000 of 64 bytes failed: Only part of a ReadProcessMemory or WriteProcessMemory request was completed. (0x12B)
[1014/165613.170:WARNING:pe_image_reader.cc(340)] could not read dos header from C:\Windows\System32\OLEAUT32.dll
[1014/165613.170:ERROR:process_memory_win.cc(73)] ReadMemory at 0x7ffeca990000 of 64 bytes failed: Only part of a ReadProcessMemory or WriteProcessMemory request was completed. (0x12B)
[1014/165613.170:WARNING:pe_image_reader.cc(340)] could not read dos header from C:\Windows\System32\msvcp_win.dll
[1014/165613.170:ERROR:process_memory_win.cc(73)] ReadMemory at 0x7ffecb700000 of 64 bytes failed: Only part of a ReadProcessMemory or WriteProcessMemory request was completed. (0x12B)
[1014/165613.170:WARNING:pe_image_reader.cc(340)] could not read dos header from C:\Windows\System32\ucrtbase.dll
[1014/165613.170:ERROR:process_memory_win.cc(73)] ReadMemory at 0x7ffecc3f0000 of 64 bytes failed: Only part of a ReadProcessMemory or WriteProcessMemory request was completed. (0x12B)
[1014/165613.170:WARNING:pe_image_reader.cc(340)] could not read dos header from C:\Windows\System32\combase.dll
[1014/165613.170:ERROR:process_memory_win.cc(73)] ReadMemory at 0x7ffecb6a0000 of 64 bytes failed: Only part of a ReadProcessMemory or WriteProcessMemory request was completed. (0x12B)
[1014/165613.170:WARNING:pe_image_reader.cc(340)] could not read dos header from C:\Windows\System32\WINTRUST.dll
[1014/165613.170:ERROR:process_memory_win.cc(73)] ReadMemory at 0x7ffeca730000 of 64 bytes failed: Only part of a ReadProcessMemory or WriteProcessMemory request was completed. (0x12B)
[1014/165613.170:WARNING:pe_image_reader.cc(340)] could not read dos header from C:\Windows\System32\MSASN1.dll
[1014/165613.170:ERROR:process_memory_win.cc(73)] ReadMemory at 0x7ffecaa30000 of 64 bytes failed: Only part of a ReadProcessMemory or WriteProcessMemory request was completed. (0x12B)
[1014/165613.170:WARNING:pe_image_reader.cc(340)] could not read dos header from C:\Windows\System32\CRYPT32.dll
[1014/165613.170:ERROR:process_memory_win.cc(73)] ReadMemory at 0x7ffebf300000 of 64 bytes failed: Only part of a ReadProcessMemory or WriteProcessMemory request was completed. (0x12B)
[1014/165613.170:WARNING:pe_image_reader.cc(340)] could not read dos header from C:\Windows\SYSTEM32\dbghelp.dll
[1014/165613.170:ERROR:process_memory_win.cc(73)] ReadMemory at 0x7ffec9c20000 of 64 bytes failed: Only part of a ReadProcessMemory or WriteProcessMemory request was completed. (0x12B)
[1014/165613.170:WARNING:pe_image_reader.cc(340)] could not read dos header from C:\Windows\SYSTEM32\IPHLPAPI.DLL
[1014/165613.170:ERROR:process_memory_win.cc(73)] ReadMemory at 0x7ffec8210000 of 64 bytes failed: Only part of a ReadProcessMemory or WriteProcessMemory request was completed. (0x12B)
[1014/165613.170:WARNING:pe_image_reader.cc(340)] could not read dos header from C:\Windows\SYSTEM32\WINMM.dll
[1014/165613.170:ERROR:process_memory_win.cc(73)] ReadMemory at 0x7ffea0840000 of 64 bytes failed: Only part of a ReadProcessMemory or WriteProcessMemory request was completed. (0x12B)
[1014/165613.170:WARNING:pe_image_reader.cc(340)] could not read dos header from C:\Windows\SYSTEM32\UIAutomationCore.DLL
[1014/165613.170:ERROR:process_memory_win.cc(73)] ReadMemory at 0x7ffeb2c40000 of 64 bytes failed: Only part of a ReadProcessMemory or WriteProcessMemory request was completed. (0x12B)
[1014/165613.170:WARNING:pe_image_reader.cc(340)] could not read dos header from C:\Windows\SYSTEM32\Secur32.dll
[1014/165613.170:ERROR:process_memory_win.cc(73)] ReadMemory at 0x7ffeca640000 of 64 bytes failed: Only part of a ReadProcessMemory or WriteProcessMemory request was completed. (0x12B)
[1014/165613.170:WARNING:pe_image_reader.cc(340)] could not read dos header from C:\Windows\SYSTEM32\USERENV.dll
[1014/165613.170:ERROR:process_memory_win.cc(73)] ReadMemory at 0x7ffeca770000 of 64 bytes failed: Only part of a ReadProcessMemory or WriteProcessMemory request was completed. (0x12B)
[1014/165613.170:WARNING:pe_image_reader.cc(340)] could not read dos header from C:\Windows\System32\profapi.dll
[1014/165613.170:ERROR:process_memory_win.cc(73)] ReadMemory at 0x7ffebb5d0000 of 64 bytes failed: Only part of a ReadProcessMemory or WriteProcessMemory request was completed. (0x12B)
[1014/165613.170:WARNING:pe_image_reader.cc(340)] could not read dos header from C:\Windows\SYSTEM32\DWrite.dll
[1014/165613.170:ERROR:process_memory_win.cc(73)] ReadMemory at 0x7ffea1ba0000 of 64 bytes failed: Only part of a ReadProcessMemory or WriteProcessMemory request was completed. (0x12B)
[1014/165613.170:WARNING:pe_image_reader.cc(340)] could not read dos header from C:\Windows\SYSTEM32\WINSPOOL.DRV
[1014/165613.170:ERROR:process_memory_win.cc(73)] ReadMemory at 0x7ffeca750000 of 64 bytes failed: Only part of a ReadProcessMemory or WriteProcessMemory request was completed. (0x12B)
[1014/165613.170:WARNING:pe_image_reader.cc(340)] could not read dos header from C:\Windows\System32\kernel.appcore.dll
[1014/165613.170:ERROR:process_memory_win.cc(73)] ReadMemory at 0x7ffecb8e0000 of 64 bytes failed: Only part of a ReadProcessMemory or WriteProcessMemory request was completed. (0x12B)
[1014/165613.170:WARNING:pe_image_reader.cc(340)] could not read dos header from C:\Windows\System32\bcrypt.dll
[1014/165613.170:ERROR:process_memory_win.cc(73)] ReadMemory at 0x7ffebb030000 of 64 bytes failed: Only part of a ReadProcessMemory or WriteProcessMemory request was completed. (0x12B)
[1014/165613.170:WARNING:pe_image_reader.cc(340)] could not read dos header from C:\Windows\SYSTEM32\WINHTTP.dll
[1014/165613.170:ERROR:process_memory_win.cc(73)] ReadMemory at 0x7ffeba650000 of 64 bytes failed: Only part of a ReadProcessMemory or WriteProcessMemory request was completed. (0x12B)
[1014/165613.170:WARNING:pe_image_reader.cc(340)] could not read dos header from C:\Windows\SYSTEM32\dhcpcsvc.DLL
[1014/165613.170:ERROR:process_memory_win.cc(73)] ReadMemory at 0x7ffecc730000 of 64 bytes failed: Only part of a ReadProcessMemory or WriteProcessMemory request was completed. (0x12B)
[1014/165613.170:WARNING:pe_image_reader.cc(340)] could not read dos header from C:\Windows\System32\NSI.dll
[1014/165613.170:ERROR:process_memory_win.cc(73)] ReadMemory at 0x7ffec81e0000 of 64 bytes failed: Only part of a ReadProcessMemory or WriteProcessMemory request was completed. (0x12B)
[1014/165613.170:WARNING:pe_image_reader.cc(340)] could not read dos header from C:\Windows\SYSTEM32\WINMMBASE.dll
[1014/165613.170:ERROR:process_memory_win.cc(73)] ReadMemory at 0x7ffecaed0000 of 64 bytes failed: Only part of a ReadProcessMemory or WriteProcessMemory request was completed. (0x12B)
[1014/165613.170:WARNING:pe_image_reader.cc(340)] could not read dos header from C:\Windows\System32\cfgmgr32.dll
[1014/165613.186:ERROR:process_memory_win.cc(73)] ReadMemory at 0x7ffec6d40000 of 64 bytes failed: Only part of a ReadProcessMemory or WriteProcessMemory request was completed. (0x12B)
[1014/165613.186:WARNING:pe_image_reader.cc(340)] could not read dos header from C:\Windows\SYSTEM32\PROPSYS.dll
[1014/165613.186:ERROR:process_memory_win.cc(73)] ReadMemory at 0x7ffecd6d0000 of 64 bytes failed: Only part of a ReadProcessMemory or WriteProcessMemory request was completed. (0x12B)
[1014/165613.186:WARNING:pe_image_reader.cc(340)] could not read dos header from C:\Windows\System32\shcore.dll
[1014/165613.186:ERROR:process_memory_win.cc(73)] ReadMemory at 0x7ffeca600000 of 64 bytes failed: Only part of a ReadProcessMemory or WriteProcessMemory request was completed. (0x12B)
[1014/165613.186:WARNING:pe_image_reader.cc(340)] could not read dos header from C:\Windows\SYSTEM32\SSPICLI.DLL
[1014/165613.186:ERROR:process_memory_win.cc(73)] ReadMemory at 0x7ffeca0e0000 of 64 bytes failed: Only part of a ReadProcessMemory or WriteProcessMemory request was completed. (0x12B)
[1014/165613.186:WARNING:pe_image_reader.cc(340)] could not read dos header from C:\Windows\SYSTEM32\CRYPTBASE.DLL
[1014/165613.186:ERROR:process_memory_win.cc(73)] ReadMemory at 0x7ff680590000 of 64 bytes failed: Only part of a ReadProcessMemory or WriteProcessMemory request was completed. (0x12B)
[1014/165613.186:WARNING:pe_image_reader.cc(340)] could not read dos header from C:\Program Files (x86)\Google\Chrome\Application\chrome.exe
[1014/165613.186:ERROR:process_memory_win.cc(73)] ReadMemory at 0x7ffecd860000 of 64 bytes failed: Only part of a ReadProcessMemory or WriteProcessMemory request was completed. (0x12B)
[1014/165613.186:WARNING:pe_image_reader.cc(340)] could not read dos header from C:\Windows\SYSTEM32\ntdll.dll
[1014/165613.186:ERROR:process_memory_win.cc(73)] ReadMemory at 0x7ffecbd60000 of 64 bytes failed: Only part of a ReadProcessMemory or WriteProcessMemory request was completed. (0x12B)
[1014/165613.186:WARNING:pe_image_reader.cc(340)] could not read dos header from C:\Windows\System32\KERNEL32.DLL
[1014/165613.186:ERROR:process_memory_win.cc(73)] ReadMemory at 0x7ffecac20000 of 64 bytes failed: Only part of a ReadProcessMemory or WriteProcessMemory request was completed. (0x12B)
[1014/165613.186:WARNING:pe_image_reader.cc(340)] could not read dos header from C:\Windows\System32\KERNELBASE.dll
[1014/165613.186:ERROR:process_memory_win.cc(73)] ReadMemory at 0x7ffe81cc0000 of 64 bytes failed: Only part of a ReadProcessMemory or WriteProcessMemory request was completed. (0x12B)
[1014/165613.186:WARNING:pe_image_reader.cc(340)] could not read dos header from C:\Program Files (x86)\Google\Chrome\Application\86.0.4240.75\chrome_elf.dll
[1014/165613.186:ERROR:process_memory_win.cc(73)] ReadMemory at 0x7ffec4090000 of 64 bytes failed: Only part of a ReadProcessMemory or WriteProcessMemory request was completed. (0x12B)
[1014/165613.186:WARNING:pe_image_reader.cc(340)] could not read dos header from C:\Windows\SYSTEM32\VERSION.dll
[1014/165613.186:ERROR:process_memory_win.cc(73)] ReadMemory at 0x7ffecd780000 of 64 bytes failed: Only part of a ReadProcessMemory or WriteProcessMemory request was completed. (0x12B)
[1014/165613.186:WARNING:pe_image_reader.cc(340)] could not read dos header from C:\Windows\System32\msvcrt.dll
[1014/165613.186:ERROR:process_memory_win.cc(73)] ReadMemory at 0x7ffecab80000 of 64 bytes failed: Only part of a ReadProcessMemory or WriteProcessMemory request was completed. (0x12B)
[1014/165613.186:WARNING:pe_image_reader.cc(340)] could not read dos header from C:\Windows\System32\bcryptPrimitives.dll
[1014/165613.186:ERROR:process_memory_win.cc(73)] ReadMemory at 0x2db6eba0000 of 64 bytes failed: Only part of a ReadProcessMemory or WriteProcessMemory request was completed. (0x12B)
[1014/165613.186:WARNING:pe_image_reader.cc(340)] could not read dos header from C:\Windows\System32\ADVAPI32.dll
[1014/165613.186:ERROR:process_memory_win.cc(73)] ReadMemory at 0x7ffecc060000 of 64 bytes failed: Only part of a ReadProcessMemory or WriteProcessMemory request was completed. (0x12B)
[1014/165613.186:WARNING:pe_image_reader.cc(340)] could not read dos header from C:\Windows\System32\sechost.dll
[1014/165613.186:ERROR:process_memory_win.cc(73)] ReadMemory at 0x7ffecd490000 of 64 bytes failed: Only part of a ReadProcessMemory or WriteProcessMemory request was completed. (0x12B)
[1014/165613.186:WARNING:pe_image_reader.cc(340)] could not read dos header from C:\Windows\System32\RPCRT4.dll
[1014/165613.186:ERROR:process_memory_win.cc(73)] ReadMemory at 0x7ffe34930000 of 64 bytes failed: Only part of a ReadProcessMemory or WriteProcessMemory request was completed. (0x12B)
[1014/165613.186:WARNING:pe_image_reader.cc(340)] could not read dos header from C:\Program Files (x86)\Google\Chrome\Application\86.0.4240.75\chrome.dll
[1014/165613.186:ERROR:process_memory_win.cc(73)] ReadMemory at 0x7ffecc1d0000 of 64 bytes failed: Only part of a ReadProcessMemory or WriteProcessMemory request was completed. (0x12B)
[1014/165613.186:WARNING:pe_image_reader.cc(340)] could not read dos header from C:\Windows\System32\WS2_32.dll
[1014/165613.186:ERROR:process_memory_win.cc(73)] ReadMemory at 0x7ffecd3c0000 of 64 bytes failed: Only part of a ReadProcessMemory or WriteProcessMemory request was completed. (0x12B)
[1014/165613.186:WARNING:pe_image_reader.cc(340)] could not read dos header from C:\Windows\System32\OLEAUT32.dll
[1014/165613.186:ERROR:process_memory_win.cc(73)] ReadMemory at 0x7ffeca990000 of 64 bytes failed: Only part of a ReadProcessMemory or WriteProcessMemory request was completed. (0x12B)
[1014/165613.186:WARNING:pe_image_reader.cc(340)] could not read dos header from C:\Windows\System32\msvcp_win.dll
[1014/165613.186:ERROR:process_memory_win.cc(73)] ReadMemory at 0x7ffecb700000 of 64 bytes failed: Only part of a ReadProcessMemory or WriteProcessMemory request was completed. (0x12B)
[1014/165613.186:WARNING:pe_image_reader.cc(340)] could not read dos header from C:\Windows\System32\ucrtbase.dll
[1014/165613.186:ERROR:process_memory_win.cc(73)] ReadMemory at 0x7ffecc3f0000 of 64 bytes failed: Only part of a ReadProcessMemory or WriteProcessMemory request was completed. (0x12B)
[1014/165613.186:WARNING:pe_image_reader.cc(340)] could not read dos header from C:\Windows\System32\combase.dll
[1014/165613.186:ERROR:process_memory_win.cc(73)] ReadMemory at 0x7ffecb6a0000 of 64 bytes failed: Only part of a ReadProcessMemory or WriteProcessMemory request was completed. (0x12B)
[1014/165613.186:WARNING:pe_image_reader.cc(340)] could not read dos header from C:\Windows\System32\WINTRUST.dll
[1014/165613.186:ERROR:process_memory_win.cc(73)] ReadMemory at 0x7ffeca730000 of 64 bytes failed: Only part of a ReadProcessMemory or WriteProcessMemory request was completed. (0x12B)
[1014/165613.186:WARNING:pe_image_reader.cc(340)] could not read dos header from C:\Windows\System32\MSASN1.dll
[1014/165613.186:ERROR:process_memory_win.cc(73)] ReadMemory at 0x7ffecaa30000 of 64 bytes failed: Only part of a ReadProcessMemory or WriteProcessMemory request was completed. (0x12B)
[1014/165613.186:WARNING:pe_image_reader.cc(340)] could not read dos header from C:\Windows\System32\CRYPT32.dll
[1014/165613.186:ERROR:process_memory_win.cc(73)] ReadMemory at 0x7ffebf300000 of 64 bytes failed: Only part of a ReadProcessMemory or WriteProcessMemory request was completed. (0x12B)
[1014/165613.186:WARNING:pe_image_reader.cc(340)] could not read dos header from C:\Windows\SYSTEM32\dbghelp.dll
[1014/165613.186:ERROR:process_memory_win.cc(73)] ReadMemory at 0x7ffec9c20000 of 64 bytes failed: Only part of a ReadProcessMemory or WriteProcessMemory request was completed. (0x12B)
[1014/165613.186:WARNING:pe_image_reader.cc(340)] could not read dos header from C:\Windows\SYSTEM32\IPHLPAPI.DLL
[1014/165613.186:ERROR:process_memory_win.cc(73)] ReadMemory at 0x7ffec8210000 of 64 bytes failed: Only part of a ReadProcessMemory or WriteProcessMemory request was completed. (0x12B)
[1014/165613.186:WARNING:pe_image_reader.cc(340)] could not read dos header from C:\Windows\SYSTEM32\WINMM.dll
[1014/165613.186:ERROR:process_memory_win.cc(73)] ReadMemory at 0x7ffea0840000 of 64 bytes failed: Only part of a ReadProcessMemory or WriteProcessMemory request was completed. (0x12B)
[1014/165613.186:WARNING:pe_image_reader.cc(340)] could not read dos header from C:\Windows\SYSTEM32\UIAutomationCore.DLL
[1014/165613.186:ERROR:process_memory_win.cc(73)] ReadMemory at 0x7ffeb2c40000 of 64 bytes failed: Only part of a ReadProcessMemory or WriteProcessMemory request was completed. (0x12B)
[1014/165613.186:WARNING:pe_image_reader.cc(340)] could not read dos header from C:\Windows\SYSTEM32\Secur32.dll
[1014/165613.186:ERROR:process_memory_win.cc(73)] ReadMemory at 0x7ffeca640000 of 64 bytes failed: Only part of a ReadProcessMemory or WriteProcessMemory request was completed. (0x12B)
[1014/165613.186:WARNING:pe_image_reader.cc(340)] could not read dos header from C:\Windows\SYSTEM32\USERENV.dll
[1014/165613.186:ERROR:process_memory_win.cc(73)] ReadMemory at 0x7ffeca770000 of 64 bytes failed: Only part of a ReadProcessMemory or WriteProcessMemory request was completed. (0x12B)
[1014/165613.186:WARNING:pe_image_reader.cc(340)] could not read dos header from C:\Windows\System32\profapi.dll
[1014/165613.186:ERROR:process_memory_win.cc(73)] ReadMemory at 0x7ffebb5d0000 of 64 bytes failed: Only part of a ReadProcessMemory or WriteProcessMemory request was completed. (0x12B)
[1014/165613.186:WARNING:pe_image_reader.cc(340)] could not read dos header from C:\Windows\SYSTEM32\DWrite.dll
[1014/165613.186:ERROR:process_memory_win.cc(73)] ReadMemory at 0x7ffea1ba0000 of 64 bytes failed: Only part of a ReadProcessMemory or WriteProcessMemory request was completed. (0x12B)
[1014/165613.186:WARNING:pe_image_reader.cc(340)] could not read dos header from C:\Windows\SYSTEM32\WINSPOOL.DRV
[1014/165613.186:ERROR:process_memory_win.cc(73)] ReadMemory at 0x7ffeca750000 of 64 bytes failed: Only part of a ReadProcessMemory or WriteProcessMemory request was completed. (0x12B)
[1014/165613.186:WARNING:pe_image_reader.cc(340)] could not read dos header from C:\Windows\System32\kernel.appcore.dll
[1014/165613.186:ERROR:process_memory_win.cc(73)] ReadMemory at 0x7ffecb8e0000 of 64 bytes failed: Only part of a ReadProcessMemory or WriteProcessMemory request was completed. (0x12B)
[1014/165613.186:WARNING:pe_image_reader.cc(340)] could not read dos header from C:\Windows\System32\bcrypt.dll
[1014/165613.186:ERROR:process_memory_win.cc(73)] ReadMemory at 0x7ffebb030000 of 64 bytes failed: Only part of a ReadProcessMemory or WriteProcessMemory request was completed. (0x12B)
[1014/165613.186:WARNING:pe_image_reader.cc(340)] could not read dos header from C:\Windows\SYSTEM32\WINHTTP.dll
[1014/165613.186:ERROR:process_memory_win.cc(73)] ReadMemory at 0x7ffeba650000 of 64 bytes failed: Only part of a ReadProcessMemory or WriteProcessMemory request was completed. (0x12B)
[1014/165613.186:WARNING:pe_image_reader.cc(340)] could not read dos header from C:\Windows\SYSTEM32\dhcpcsvc.DLL
[1014/165613.186:ERROR:process_memory_win.cc(73)] ReadMemory at 0x7ffecc730000 of 64 bytes failed: Only part of a ReadProcessMemory or WriteProcessMemory request was completed. (0x12B)
[1014/165613.186:WARNING:pe_image_reader.cc(340)] could not read dos header from C:\Windows\System32\NSI.dll
[1014/165613.186:ERROR:process_memory_win.cc(73)] ReadMemory at 0x7ffec81e0000 of 64 bytes failed: Only part of a ReadProcessMemory or WriteProcessMemory request was completed. (0x12B)
[1014/165613.186:WARNING:pe_image_reader.cc(340)] could not read dos header from C:\Windows\SYSTEM32\WINMMBASE.dll
[1014/165613.186:ERROR:process_memory_win.cc(73)] ReadMemory at 0x7ffecaed0000 of 64 bytes failed: Only part of a ReadProcessMemory or WriteProcessMemory request was completed. (0x12B)
[1014/165613.186:WARNING:pe_image_reader.cc(340)] could not read dos header from C:\Windows\System32\cfgmgr32.dll
[1014/165613.186:ERROR:process_memory_win.cc(73)] ReadMemory at 0x7ffec6d40000 of 64 bytes failed: Only part of a ReadProcessMemory or WriteProcessMemory request was completed. (0x12B)
[1014/165613.186:WARNING:pe_image_reader.cc(340)] could not read dos header from C:\Windows\SYSTEM32\PROPSYS.dll
[1014/165613.186:ERROR:process_memory_win.cc(73)] ReadMemory at 0x7ffecd6d0000 of 64 bytes failed: Only part of a ReadProcessMemory or WriteProcessMemory request was completed. (0x12B)
[1014/165613.186:WARNING:pe_image_reader.cc(340)] could not read dos header from C:\Windows\System32\shcore.dll
[1014/165613.186:ERROR:process_memory_win.cc(73)] ReadMemory at 0x7ffeca600000 of 64 bytes failed: Only part of a ReadProcessMemory or WriteProcessMemory request was completed. (0x12B)
[1014/165613.186:WARNING:pe_image_reader.cc(340)] could not read dos header from C:\Windows\SYSTEM32\SSPICLI.DLL
[1014/165613.186:ERROR:process_memory_win.cc(73)] ReadMemory at 0x7ffeca0e0000 of 64 bytes failed: Only part of a ReadProcessMemory or WriteProcessMemory request was completed. (0x12B)
[1014/165613.186:WARNING:pe_image_reader.cc(340)] could not read dos header from C:\Windows\SYSTEM32\CRYPTBASE.DLL
[1014/165613.534:ERROR:process_memory_win.cc(73)] ReadMemory at 0xf5dedde000 of 139264 bytes failed: Only part of a ReadProcessMemory or WriteProcessMemory request was completed. (0x12B)
[1014/165613.550:ERROR:process_memory_win.cc(73)] ReadMemory at 0xf5df5fe000 of 8192 bytes failed: Only part of a ReadProcessMemory or WriteProcessMemory request was completed. (0x12B)
[1014/165613.550:ERROR:process_memory_win.cc(73)] ReadMemory at 0xf5e05fe000 of 8192 bytes failed: Only part of a ReadProcessMemory or WriteProcessMemory request was completed. (0x12B)
[1014/165613.550:ERROR:process_memory_win.cc(73)] ReadMemory at 0xf5e0dfc000 of 16384 bytes failed: Only part of a ReadProcessMemory or WriteProcessMemory request was completed. (0x12B)
[1014/165613.550:ERROR:process_memory_win.cc(73)] ReadMemory at 0xf5e15fe000 of 8192 bytes failed: Only part of a ReadProcessMemory or WriteProcessMemory request was completed. (0x12B)
[1014/165613.550:ERROR:process_memory_win.cc(73)] ReadMemory at 0xf5e25fe000 of 8192 bytes failed: Only part of a ReadProcessMemory or WriteProcessMemory request was completed. (0x12B)
[1014/165613.550:ERROR:process_memory_win.cc(73)] ReadMemory at 0xf5e2dfd000 of 12288 bytes failed: Only part of a ReadProcessMemory or WriteProcessMemory request was completed. (0x12B)
[1014/165613.550:ERROR:process_memory_win.cc(73)] ReadMemory at 0xf5e3dfe000 of 8192 bytes failed: Only part of a ReadProcessMemory or WriteProcessMemory request was completed. (0x12B)
[1014/165613.550:ERROR:process_memory_win.cc(73)] ReadMemory at 0xf5e45fc000 of 16384 bytes failed: Only part of a ReadProcessMemory or WriteProcessMemory request was completed. (0x12B)
[1014/165613.550:ERROR:process_memory_win.cc(73)] ReadMemory at 0xf5e4dfc000 of 16384 bytes failed: Only part of a ReadProcessMemory or WriteProcessMemory request was completed. (0x12B)
[1014/165613.550:ERROR:process_memory_win.cc(73)] ReadMemory at 0xf5e55fc000 of 16384 bytes failed: Only part of a ReadProcessMemory or WriteProcessMemory request was completed. (0x12B)
[1014/165613.550:ERROR:process_memory_win.cc(73)] ReadMemory at 0xf5e65fe000 of 8192 bytes failed: Only part of a ReadProcessMemory or WriteProcessMemory request was completed. (0x12B)
[1014/165613.550:ERROR:process_memory_win.cc(73)] ReadMemory at 0xf5e35fb000 of 20480 bytes failed: Only part of a ReadProcessMemory or WriteProcessMemory request was completed. (0x12B)
[1014/165613.550:ERROR:process_memory_win.cc(73)] ReadMemory at 0xf5dfdfe000 of 8192 bytes failed: Only part of a ReadProcessMemory or WriteProcessMemory request was completed. (0x12B)
[1014/165613.550:ERROR:process_memory_win.cc(73)] ReadMemory at 0xf5de405000 of 852 bytes failed: Only part of a ReadProcessMemory or WriteProcessMemory request was completed. (0x12B)
[1014/165613.550:ERROR:process_memory_win.cc(73)] ReadMemory at 0xf5de406000 of 6024 bytes failed: Only part of a ReadProcessMemory or WriteProcessMemory request was completed. (0x12B)
[1014/165613.550:ERROR:process_memory_win.cc(73)] ReadMemory at 0xf5de408000 of 6024 bytes failed: Only part of a ReadProcessMemory or WriteProcessMemory request was completed. (0x12B)
[1014/165613.550:ERROR:process_memory_win.cc(73)] ReadMemory at 0xf5de40c000 of 6024 bytes failed: Only part of a ReadProcessMemory or WriteProcessMemory request was completed. (0x12B)
[1014/165613.550:ERROR:process_memory_win.cc(73)] ReadMemory at 0xf5de40e000 of 6024 bytes failed: Only part of a ReadProcessMemory or WriteProcessMemory request was completed. (0x12B)
[1014/165613.550:ERROR:process_memory_win.cc(73)] ReadMemory at 0xf5de410000 of 6024 bytes failed: Only part of a ReadProcessMemory or WriteProcessMemory request was completed. (0x12B)
[1014/165613.550:ERROR:process_memory_win.cc(73)] ReadMemory at 0xf5de414000 of 6024 bytes failed: Only part of a ReadProcessMemory or WriteProcessMemory request was completed. (0x12B)
[1014/165613.550:ERROR:process_memory_win.cc(73)] ReadMemory at 0xf5de416000 of 6024 bytes failed: Only part of a ReadProcessMemory or WriteProcessMemory request was completed. (0x12B)
[1014/165613.550:ERROR:process_memory_win.cc(73)] ReadMemory at 0xf5de41a000 of 6024 bytes failed: Only part of a ReadProcessMemory or WriteProcessMemory request was completed. (0x12B)
[1014/165613.550:ERROR:process_memory_win.cc(73)] ReadMemory at 0xf5de41c000 of 6024 bytes failed: Only part of a ReadProcessMemory or WriteProcessMemory request was completed. (0x12B)
[1014/165613.550:ERROR:process_memory_win.cc(73)] ReadMemory at 0xf5de41e000 of 6024 bytes failed: Only part of a ReadProcessMemory or WriteProcessMemory request was completed. (0x12B)
[1014/165613.550:ERROR:process_memory_win.cc(73)] ReadMemory at 0xf5de420000 of 6024 bytes failed: Only part of a ReadProcessMemory or WriteProcessMemory request was completed. (0x12B)
[1014/165613.550:ERROR:process_memory_win.cc(73)] ReadMemory at 0xf5de428000 of 6024 bytes failed: Only part of a ReadProcessMemory or WriteProcessMemory request was completed. (0x12B)
[1014/165613.550:ERROR:process_memory_win.cc(73)] ReadMemory at 0xf5de54c000 of 6024 bytes failed: Only part of a ReadProcessMemory or WriteProcessMemory request was completed. (0x12B)
[1014/165613.550:ERROR:process_memory_win.cc(73)] ReadMemory at 0xf5de552000 of 6024 bytes failed: Only part of a ReadProcessMemory or WriteProcessMemory request was completed. (0x12B)
[1014/165613.550:ERROR:process_memory_win.cc(73)] ReadMemory at 0x2db6e920d00 of 512 bytes failed: Only part of a ReadProcessMemory or WriteProcessMemory request was completed. (0x12B)
[1014/165613.550:ERROR:process_memory_win.cc(73)] ReadMemory at 0x2db6e980fe0 of 17202 bytes failed: Only part of a ReadProcessMemory or WriteProcessMemory request was completed. (0x12B)
[1014/165613.550:ERROR:process_memory_win.cc(73)] ReadMemory at 0x2db6e985320 of 1012 bytes failed: Only part of a ReadProcessMemory or WriteProcessMemory request was completed. (0x12B)
[1014/165613.550:ERROR:process_memory_win.cc(73)] ReadMemory at 0x2db6e985968 of 118 bytes failed: Only part of a ReadProcessMemory or WriteProcessMemory request was completed. (0x12B)
[1014/165613.550:ERROR:process_memory_win.cc(73)] ReadMemory at 0x2db6e9859e0 of 710 bytes failed: Only part of a ReadProcessMemory or WriteProcessMemory request was completed. (0x12B)
[1014/165613.550:ERROR:process_memory_win.cc(73)] ReadMemory at 0x2db6e985ca8 of 118 bytes failed: Only part of a ReadProcessMemory or WriteProcessMemory request was completed. (0x12B)
[1014/165613.550:ERROR:process_memory_win.cc(73)] ReadMemory at 0x2db6e985d20 of 100 bytes failed: Only part of a ReadProcessMemory or WriteProcessMemory request was completed. (0x12B)
[1014/165613.550:ERROR:process_memory_win.cc(73)] ReadMemory at 0x2db6e985d90 of 58 bytes failed: Only part of a ReadProcessMemory or WriteProcessMemory request was completed. (0x12B)
[1014/165613.550:ERROR:process_memory_win.cc(73)] ReadMemory at 0x2db6e985e90 of 132 bytes failed: Only part of a ReadProcessMemory or WriteProcessMemory request was completed. (0x12B)
[1014/165613.751:ERROR:process_memory_win.cc(73)] ReadMemory at 0x2db6e986020 of 132 bytes failed: Only part of a ReadProcessMemory or WriteProcessMemory request was completed. (0x12B)
[1014/165613.767:ERROR:process_memory_win.cc(73)] ReadMemory at 0x2db6e9861e0 of 124 bytes failed: Only part of a ReadProcessMemory or WriteProcessMemory request was completed. (0x12B)
[1014/165613.767:ERROR:process_memory_win.cc(73)] ReadMemory at 0x2db6e9866e0 of 132 bytes failed: Only part of a ReadProcessMemory or WriteProcessMemory request was completed. (0x12B)
[1014/165613.773:ERROR:process_memory_win.cc(73)] ReadMemory at 0x2db6e986870 of 64 bytes failed: Only part of a ReadProcessMemory or WriteProcessMemory request was completed. (0x12B)
[1014/165613.773:ERROR:process_memory_win.cc(73)] ReadMemory at 0x2db6e9868c0 of 132 bytes failed: Only part of a ReadProcessMemory or WriteProcessMemory request was completed. (0x12B)
[1014/165613.773:ERROR:process_memory_win.cc(73)] ReadMemory at 0x2db6e986cd0 of 132 bytes failed: Only part of a ReadProcessMemory or WriteProcessMemory request was completed. (0x12B)
[1014/165613.773:ERROR:process_memory_win.cc(73)] ReadMemory at 0x2db6e986e60 of 68 bytes failed: Only part of a ReadProcessMemory or WriteProcessMemory request was completed. (0x12B)
[1014/165613.773:ERROR:process_memory_win.cc(73)] ReadMemory at 0x2db6e987fd0 of 132 bytes failed: Only part of a ReadProcessMemory or WriteProcessMemory request was completed. (0x12B)
[1014/165613.773:ERROR:process_memory_win.cc(73)] ReadMemory at 0x2db6e988100 of 152 bytes failed: Only part of a ReadProcessMemory or WriteProcessMemory request was completed. (0x12B)
[1014/165613.773:ERROR:process_memory_win.cc(73)] ReadMemory at 0x2db6e988db0 of 132 bytes failed: Only part of a ReadProcessMemory or WriteProcessMemory request was completed. (0x12B)
[1014/165613.773:ERROR:process_memory_win.cc(73)] ReadMemory at 0x2db6e988f40 of 60 bytes failed: Only part of a ReadProcessMemory or WriteProcessMemory request was completed. (0x12B)
[1014/165613.773:ERROR:process_memory_win.cc(73)] ReadMemory at 0x2db6e989f50 of 62 bytes failed: Only part of a ReadProcessMemory or WriteProcessMemory request was completed. (0x12B)
[1014/165613.773:ERROR:process_memory_win.cc(73)] ReadMemory at 0x2db6e999370 of 62 bytes failed: Only part of a ReadProcessMemory or WriteProcessMemory request was completed. (0x12B)
[1014/165613.773:ERROR:process_memory_win.cc(73)] ReadMemory at 0x2db6e999460 of 64 bytes failed: Only part of a ReadProcessMemory or WriteProcessMemory request was completed. (0x12B)
[1014/165613.773:ERROR:process_memory_win.cc(73)] ReadMemory at 0x2db6e9994b0 of 62 bytes failed: Only part of a ReadProcessMemory or WriteProcessMemory request was completed. (0x12B)
[1014/165613.773:ERROR:process_memory_win.cc(73)] ReadMemory at 0x2db6e9995a0 of 64 bytes failed: Only part of a ReadProcessMemory or WriteProcessMemory request was completed. (0x12B)
[1014/165613.773:ERROR:process_memory_win.cc(73)] ReadMemory at 0x2db6e999690 of 64 bytes failed: Only part of a ReadProcessMemory or WriteProcessMemory request was completed. (0x12B)
[1014/165613.773:ERROR:process_memory_win.cc(73)] ReadMemory at 0x2db6e9997d0 of 66 bytes failed: Only part of a ReadProcessMemory or WriteProcessMemory request was completed. (0x12B)
[1014/165613.773:ERROR:process_memory_win.cc(73)] ReadMemory at 0x2db6e999870 of 58 bytes failed: Only part of a ReadProcessMemory or WriteProcessMemory request was completed. (0x12B)
[1014/165613.773:ERROR:process_memory_win.cc(73)] ReadMemory at 0x2db6e9998c0 of 62 bytes failed: Only part of a ReadProcessMemory or WriteProcessMemory request was completed. (0x12B)
[1014/165613.773:ERROR:process_memory_win.cc(73)] ReadMemory at 0x2db6e999910 of 62 bytes failed: Only part of a ReadProcessMemory or WriteProcessMemory request was completed. (0x12B)
[1014/165613.773:ERROR:process_memory_win.cc(73)] ReadMemory at 0x2db6e9999b0 of 60 bytes failed: Only part of a ReadProcessMemory or WriteProcessMemory request was completed. (0x12B)
[1014/165613.773:ERROR:process_memory_win.cc(73)] ReadMemory at 0x2db6e999a00 of 64 bytes failed: Only part of a ReadProcessMemory or WriteProcessMemory request was completed. (0x12B)
[1014/165613.773:ERROR:process_memory_win.cc(73)] ReadMemory at 0x2db6e999a50 of 62 bytes failed: Only part of a ReadProcessMemory or WriteProcessMemory request was completed. (0x12B)
[1014/165613.773:ERROR:process_memory_win.cc(73)] ReadMemory at 0x2db6e999aa0 of 60 bytes failed: Only part of a ReadProcessMemory or WriteProcessMemory request was completed. (0x12B)
[1014/165613.773:ERROR:process_memory_win.cc(73)] ReadMemory at 0x2db6e999af0 of 64 bytes failed: Only part of a ReadProcessMemory or WriteProcessMemory request was completed. (0x12B)
[1014/165613.773:ERROR:process_memory_win.cc(73)] ReadMemory at 0x2db6e999b40 of 66 bytes failed: Only part of a ReadProcessMemory or WriteProcessMemory request was completed. (0x12B)
[1014/165613.773:ERROR:process_memory_win.cc(73)] ReadMemory at 0x2db6e999b90 of 64 bytes failed: Only part of a ReadProcessMemory or WriteProcessMemory request was completed. (0x12B)
[1014/165613.773:ERROR:process_memory_win.cc(73)] ReadMemory at 0x2db6e999c30 of 64 bytes failed: Only part of a ReadProcessMemory or WriteProcessMemory request was completed. (0x12B)
[1014/165613.788:ERROR:process_memory_win.cc(73)] ReadMemory at 0x2db6e999c80 of 60 bytes failed: Only part of a ReadProcessMemory or WriteProcessMemory request was completed. (0x12B)
[1014/165613.788:ERROR:process_memory_win.cc(73)] ReadMemory at 0x2db6e999d70 of 60 bytes failed: Only part of a ReadProcessMemory or WriteProcessMemory request was completed. (0x12B)
[1014/165613.788:ERROR:process_memory_win.cc(73)] ReadMemory at 0x2db6e999e10 of 62 bytes failed: Only part of a ReadProcessMemory or WriteProcessMemory request was completed. (0x12B)
[1014/165613.788:ERROR:process_memory_win.cc(73)] ReadMemory at 0x2db6e999e60 of 64 bytes failed: Only part of a ReadProcessMemory or WriteProcessMemory request was completed. (0x12B)
[1014/165613.788:ERROR:process_memory_win.cc(73)] ReadMemory at 0x2db6e999eb0 of 60 bytes failed: Only part of a ReadProcessMemory or WriteProcessMemory request was completed. (0x12B)
[1014/165613.788:ERROR:process_memory_win.cc(73)] ReadMemory at 0x2db6e999fa0 of 62 bytes failed: Only part of a ReadProcessMemory or WriteProcessMemory request was completed. (0x12B)
[1014/165613.836:ERROR:process_memory_win.cc(73)] ReadMemory at 0x2db6e99a040 of 62 bytes failed: Only part of a ReadProcessMemory or WriteProcessMemory request was completed. (0x12B)
[1014/165613.836:ERROR:process_memory_win.cc(73)] ReadMemory at 0x2db6e99b610 of 132 bytes failed: Only part of a ReadProcessMemory or WriteProcessMemory request was completed. (0x12B)
[1014/165613.836:ERROR:process_memory_win.cc(73)] ReadMemory at 0x2db6e99b740 of 144 bytes failed: Only part of a ReadProcessMemory or WriteProcessMemory request was completed. (0x12B)
[1014/165613.836:ERROR:process_memory_win.cc(73)] ReadMemory at 0x2db6e99b7f0 of 132 bytes failed: Only part of a ReadProcessMemory or WriteProcessMemory request was completed. (0x12B)
[1014/165613.836:ERROR:process_memory_win.cc(73)] ReadMemory at 0x2db6e99c190 of 132 bytes failed: Only part of a ReadProcessMemory or WriteProcessMemory request was completed. (0x12B)
[1014/165613.836:ERROR:process_memory_win.cc(73)] ReadMemory at 0x2db6e99ee50 of 132 bytes failed: Only part of a ReadProcessMemory or WriteProcessMemory request was completed. (0x12B)
[1014/165613.836:ERROR:process_memory_win.cc(73)] ReadMemory at 0x2db6e99ef80 of 132 bytes failed: Only part of a ReadProcessMemory or WriteProcessMemory request was completed. (0x12B)
[1014/165613.836:ERROR:process_memory_win.cc(73)] ReadMemory at 0x2db6e9a11b0 of 76 bytes failed: Only part of a ReadProcessMemory or WriteProcessMemory request was completed. (0x12B)
[1014/165613.836:ERROR:process_memory_win.cc(73)] ReadMemory at 0x2db6e9a14b0 of 80 bytes failed: Only part of a ReadProcessMemory or WriteProcessMemory request was completed. (0x12B)
[1014/165613.836:ERROR:process_memory_win.cc(73)] ReadMemory at 0x2db6e9a2e40 of 54 bytes failed: Only part of a ReadProcessMemory or WriteProcessMemory request was completed. (0x12B)
[1014/165613.836:ERROR:process_memory_win.cc(73)] ReadMemory at 0x2db6e9a55d0 of 132 bytes failed: Only part of a ReadProcessMemory or WriteProcessMemory request was completed. (0x12B)
[1014/165613.836:ERROR:process_memory_win.cc(73)] ReadMemory at 0x2db6e9a5700 of 132 bytes failed: Only part of a ReadProcessMemory or WriteProcessMemory request was completed. (0x12B)
[1014/165613.836:ERROR:process_memory_win.cc(73)] ReadMemory at 0x2db6e9a6ec0 of 132 bytes failed: Only part of a ReadProcessMemory or WriteProcessMemory request was completed. (0x12B)
[1014/165613.836:ERROR:process_memory_win.cc(73)] ReadMemory at 0x2db6e9a70e0 of 132 bytes failed: Only part of a ReadProcessMemory or WriteProcessMemory request was completed. (0x12B)
[1014/165613.836:ERROR:process_memory_win.cc(73)] ReadMemory at 0x2db6e9a7cd0 of 80 bytes failed: Only part of a ReadProcessMemory or WriteProcessMemory request was completed. (0x12B)
[1014/165613.836:ERROR:process_memory_win.cc(73)] ReadMemory at 0x2db6e9a9ef0 of 132 bytes failed: Only part of a ReadProcessMemory or WriteProcessMemory request was completed. (0x12B)
[1014/165613.836:ERROR:process_memory_win.cc(73)] ReadMemory at 0x2db6e9ab520 of 132 bytes failed: Only part of a ReadProcessMemory or WriteProcessMemory request was completed. (0x12B)
[1014/165613.836:ERROR:process_memory_win.cc(73)] ReadMemory at 0x2db6e9ab650 of 132 bytes failed: Only part of a ReadProcessMemory or WriteProcessMemory request was completed. (0x12B)
[1014/165613.836:ERROR:process_memory_win.cc(73)] ReadMemory at 0x2db6e9ab780 of 132 bytes failed: Only part of a ReadProcessMemory or WriteProcessMemory request was completed. (0x12B)
[1014/165613.836:ERROR:process_memory_win.cc(73)] ReadMemory at 0x2db6e9ab8b0 of 132 bytes failed: Only part of a ReadProcessMemory or WriteProcessMemory request was completed. (0x12B)
[1014/165613.836:ERROR:process_memory_win.cc(73)] ReadMemory at 0x2db6e9ab9e0 of 132 bytes failed: Only part of a ReadProcessMemory or WriteProcessMemory request was completed. (0x12B)
[1014/165613.836:ERROR:process_memory_win.cc(73)] ReadMemory at 0x2db6e9abb10 of 132 bytes failed: Only part of a ReadProcessMemory or WriteProcessMemory request was completed. (0x12B)
[1014/165613.836:ERROR:process_memory_win.cc(73)] ReadMemory at 0x2db6e9abfb0 of 132 bytes failed: Only part of a ReadProcessMemory or WriteProcessMemory request was completed. (0x12B)
[1014/165613.905:ERROR:process_memory_win.cc(73)] ReadMemory at 0x2db6e9ac0e0 of 132 bytes failed: Only part of a ReadProcessMemory or WriteProcessMemory request was completed. (0x12B)
[1014/165613.990:ERROR:process_memory_win.cc(73)] ReadMemory at 0x2db6e9ac210 of 132 bytes failed: Only part of a ReadProcessMemory or WriteProcessMemory request was completed. (0x12B)
[1014/165613.990:ERROR:process_memory_win.cc(73)] ReadMemory at 0x2db6e9ac340 of 132 bytes failed: Only part of a ReadProcessMemory or WriteProcessMemory request was completed. (0x12B)
[1014/165613.990:ERROR:process_memory_win.cc(73)] ReadMemory at 0x2db6e9ac470 of 132 bytes failed: Only part of a ReadProcessMemory or WriteProcessMemory request was completed. (0x12B)
[1014/165613.990:ERROR:process_memory_win.cc(73)] ReadMemory at 0x2db6e9ac800 of 132 bytes failed: Only part of a ReadProcessMemory or WriteProcessMemory request was completed. (0x12B)
[1014/165613.990:ERROR:process_memory_win.cc(73)] ReadMemory at 0x2db6e9aca60 of 132 bytes failed: Only part of a ReadProcessMemory or WriteProcessMemory request was completed. (0x12B)
[1014/165613.990:ERROR:process_memory_win.cc(73)] ReadMemory at 0x2db6e9ad180 of 132 bytes failed: Only part of a ReadProcessMemory or WriteProcessMemory request was completed. (0x12B)
[1014/165613.990:ERROR:process_memory_win.cc(73)] ReadMemory at 0x2db6e9ad2b0 of 132 bytes failed: Only part of a ReadProcessMemory or WriteProcessMemory request was completed. (0x12B)
[1014/165613.990:ERROR:process_memory_win.cc(73)] ReadMemory at 0x2db6e9ad3e0 of 132 bytes failed: Only part of a ReadProcessMemory or WriteProcessMemory request was completed. (0x12B)
[1014/165613.990:ERROR:process_memory_win.cc(73)] ReadMemory at 0x2db6e9ad510 of 132 bytes failed: Only part of a ReadProcessMemory or WriteProcessMemory request was completed. (0x12B)
[1014/165613.990:ERROR:process_memory_win.cc(73)] ReadMemory at 0x2db6e9ad640 of 132 bytes failed: Only part of a ReadProcessMemory or WriteProcessMemory request was completed. (0x12B)
[1014/165613.990:ERROR:process_memory_win.cc(73)] ReadMemory at 0x2db6e9ad8a0 of 132 bytes failed: Only part of a ReadProcessMemory or WriteProcessMemory request was completed. (0x12B)
[1014/165613.990:ERROR:process_memory_win.cc(73)] ReadMemory at 0x2db6e9ad9d0 of 132 bytes failed: Only part of a ReadProcessMemory or WriteProcessMemory request was completed. (0x12B)
[1014/165613.990:ERROR:process_memory_win.cc(73)] ReadMemory at 0x2db6e9adb00 of 132 bytes failed: Only part of a ReadProcessMemory or WriteProcessMemory request was completed. (0x12B)
[1014/165613.990:ERROR:process_memory_win.cc(73)] ReadMemory at 0x2db6e9add60 of 132 bytes failed: Only part of a ReadProcessMemory or WriteProcessMemory request was completed. (0x12B)
[1014/165613.990:ERROR:process_memory_win.cc(73)] ReadMemory at 0x2db6e9afbc0 of 62 bytes failed: Only part of a ReadProcessMemory or WriteProcessMemory request was completed. (0x12B)
[1014/165613.990:ERROR:process_memory_win.cc(73)] ReadMemory at 0x2db6e9afc10 of 62 bytes failed: Only part of a ReadProcessMemory or WriteProcessMemory request was completed. (0x12B)
[1014/165613.990:ERROR:process_memory_win.cc(73)] ReadMemory at 0x2db6e9afd00 of 60 bytes failed: Only part of a ReadProcessMemory or WriteProcessMemory request was completed. (0x12B)
[1014/165613.990:ERROR:process_memory_win.cc(73)] ReadMemory at 0x2db6ea00980 of 512 bytes failed: Only part of a ReadProcessMemory or WriteProcessMemory request was completed. (0x12B)
[1014/165613.990:ERROR:process_memory_win.cc(73)] ReadMemory at 0x2db6ea0a8b0 of 512 bytes failed: Only part of a ReadProcessMemory or WriteProcessMemory request was completed. (0x12B)
[1014/165613.990:ERROR:process_memory_win.cc(73)] ReadMemory at 0x2db6ea205e0 of 512 bytes failed: Only part of a ReadProcessMemory or WriteProcessMemory request was completed. (0x12B)
[1014/165613.990:ERROR:process_memory_win.cc(73)] ReadMemory at 0x2db6ea2bb10 of 512 bytes failed: Only part of a ReadProcessMemory or WriteProcessMemory request was completed. (0x12B)
[1014/165613.990:ERROR:process_memory_win.cc(73)] ReadMemory at 0x2db6ea32640 of 712 bytes failed: Only part of a ReadProcessMemory or WriteProcessMemory request was completed. (0x12B)
[1014/165613.990:ERROR:process_memory_win.cc(73)] ReadMemory at 0x2db6ea34970 of 512 bytes failed: Only part of a ReadProcessMemory or WriteProcessMemory request was completed. (0x12B)
[1014/165613.990:ERROR:process_memory_win.cc(73)] ReadMemory at 0x2db6ea3d730 of 512 bytes failed: Only part of a ReadProcessMemory or WriteProcessMemory request was completed. (0x12B)
[1014/165613.990:ERROR:process_memory_win.cc(73)] ReadMemory at 0x2db6ea42500 of 512 bytes failed: Only part of a ReadProcessMemory or WriteProcessMemory request was completed. (0x12B)
[1014/165613.990:ERROR:process_memory_win.cc(73)] ReadMemory at 0x2db6ea4e7c0 of 512 bytes failed: Only part of a ReadProcessMemory or WriteProcessMemory request was completed. (0x12B)
[1014/165614.005:ERROR:process_memory_win.cc(73)] ReadMemory at 0x2db703d0000 of 384 bytes failed: Only part of a ReadProcessMemory or WriteProcessMemory request was completed. (0x12B)
[1014/165614.005:ERROR:process_memory_win.cc(73)] ReadMemory at 0x2db703e6708 of 512 bytes failed: Only part of a ReadProcessMemory or WriteProcessMemory request was completed. (0x12B)
[1014/165614.005:ERROR:process_memory_win.cc(73)] ReadMemory at 0x2db703e7a28 of 512 bytes failed: Only part of a ReadProcessMemory or WriteProcessMemory request was completed. (0x12B)
[1014/165614.005:ERROR:process_memory_win.cc(73)] ReadMemory at 0x2db703e7f38 of 512 bytes failed: Only part of a ReadProcessMemory or WriteProcessMemory request was completed. (0x12B)
[1014/165614.005:ERROR:process_memory_win.cc(73)] ReadMemory at 0x2db70477346 of 620 bytes failed: Only part of a ReadProcessMemory or WriteProcessMemory request was completed. (0x12B)
[1014/165614.005:ERROR:process_memory_win.cc(73)] ReadMemory at 0x2db704775c6 of 512 bytes failed: Only part of a ReadProcessMemory or WriteProcessMemory request was completed. (0x12B)
[1014/165614.005:ERROR:process_memory_win.cc(73)] ReadMemory at 0x2db72d068c0 of 512 bytes failed: Only part of a ReadProcessMemory or WriteProcessMemory request was completed. (0x12B)
[1014/165614.005:ERROR:process_memory_win.cc(73)] ReadMemory at 0x2db74a089b0 of 512 bytes failed: Only part of a ReadProcessMemory or WriteProcessMemory request was completed. (0x12B)
[1014/165614.005:ERROR:process_memory_win.cc(73)] ReadMemory at 0x2db79597620 of 512 bytes failed: Only part of a ReadProcessMemory or WriteProcessMemory request was completed. (0x12B)
[1014/165614.005:ERROR:process_memory_win.cc(73)] ReadMemory at 0x2db79599000 of 512 bytes failed: Only part of a ReadProcessMemory or WriteProcessMemory request was completed. (0x12B)
[1014/165614.005:ERROR:process_memory_win.cc(73)] ReadMemory at 0x2db79a53c20 of 512 bytes failed: Only part of a ReadProcessMemory or WriteProcessMemory request was completed. (0x12B)
[1014/165614.005:ERROR:process_memory_win.cc(73)] ReadMemory at 0x2db7a8c3000 of 864 bytes failed: Only part of a ReadProcessMemory or WriteProcessMemory request was completed. (0x12B)
[1014/165614.005:ERROR:process_memory_win.cc(73)] ReadMemory at 0x7ffe36cc1581 of 512 bytes failed: Only part of a ReadProcessMemory or WriteProcessMemory request was completed. (0x12B)
[1014/165614.005:ERROR:process_memory_win.cc(73)] ReadMemory at 0x7ffe3d27ed88 of 520 bytes failed: Only part of a ReadProcessMemory or WriteProcessMemory request was completed. (0x12B)
[1014/165614.005:ERROR:process_memory_win.cc(73)] ReadMemory at 0x7ffe81cf5810 of 512 bytes failed: Only part of a ReadProcessMemory or WriteProcessMemory request was completed. (0x12B)
[1014/165614.005:ERROR:process_memory_win.cc(73)] ReadMemory at 0x7ffe81cf5ed7 of 512 bytes failed: Only part of a ReadProcessMemory or WriteProcessMemory request was completed. (0x12B)
[1014/165614.005:ERROR:process_memory_win.cc(73)] ReadMemory at 0x7ffecbd81f80 of 512 bytes failed: Only part of a ReadProcessMemory or WriteProcessMemory request was completed. (0x12B)
[1014/165614.005:ERROR:process_memory_win.cc(73)] ReadMemory at 0x7ffecd8fc074 of 672 bytes failed: Only part of a ReadProcessMemory or WriteProcessMemory request was completed. (0x12B)
[1014/165614.005:ERROR:process_memory_win.cc(73)] ReadMemory at 0x7ffecd8ff924 of 608 bytes failed: Only part of a ReadProcessMemory or WriteProcessMemory request was completed. (0x12B)
[1014/165614.005:ERROR:process_memory_win.cc(73)] ReadMemory at 0x7ffecd98c428 of 18 bytes failed: Only part of a ReadProcessMemory or WriteProcessMemory request was completed. (0x12B)
[1014/165614.005:ERROR:process_memory_win.cc(73)] ReadMemory at 0x7ffecd9bf4f8 of 40 bytes failed: Only part of a ReadProcessMemory or WriteProcessMemory request was completed. (0x12B)
[1014/165614.005:ERROR:process_memory_win.cc(73)] ReadMemory at 0x7ffecd9bf978 of 48 bytes failed: Only part of a ReadProcessMemory or WriteProcessMemory request was completed. (0x12B)
[1014/165614.005:ERROR:process_memory_win.cc(73)] ReadMemory at 0x7ffecd9c53c0 of 64 bytes failed: Only part of a ReadProcessMemory or WriteProcessMemory request was completed. (0x12B)
[1014/165614.036:ERROR:scoped_process_suspend.cc(40)] NtResumeProcess: An attempt was made to access an exiting process. (0xc000010a)
[1014/172914.082:ERROR:directory_reader_win.cc(43)] FindFirstFile: The system cannot find the path specified. (0x3)
[1015/103202.916:ERROR:directory_reader_win.cc(43)] FindFirstFile: The system cannot find the path specified. (0x3)
[1016/101914.596:ERROR:directory_reader_win.cc(43)] FindFirstFile: The system cannot find the path specified. (0x3)
[1028/103845.244:ERROR:directory_reader_win.cc(43)] FindFirstFile: The system cannot find the path specified. (0x3)
[1028/113120.430:ERROR:directory_reader_win.cc(43)] FindFirstFile: The system cannot find the path specified. (0x3)
[1029/103135.565:ERROR:directory_reader_win.cc(43)] FindFirstFile: The system cannot find the path specified. (0x3)
[1030/105518.407:ERROR:directory_reader_win.cc(43)] FindFirstFile: The system cannot find the path specified. (0x3)
[1102/103019.096:ERROR:directory_reader_win.cc(43)] FindFirstFile: The system cannot find the path specified. (0x3)
[1102/142320.644:ERROR:process_reader_win.cc(123)] NtOpenThread: {Access Denied} A process has requested access to an object, but has not been granted those access rights. (0xc0000022)
[1102/142320.644:ERROR:process_reader_win.cc(123)] NtOpenThread: {Access Denied} A process has requested access to an object, but has not been granted those access rights. (0xc0000022)
[1102/142320.800:ERROR:exception_snapshot_win.cc(99)] thread ID 7840 not found in process
[1102/142320.800:ERROR:exception_snapshot_win.cc(99)] thread ID 19444 not found in process
[1102/200824.216:ERROR:directory_reader_win.cc(43)] FindFirstFile: The system cannot find the path specified. (0x3)
[1104/091100.354:ERROR:directory_reader_win.cc(43)] FindFirstFile: The system cannot find the path specified. (0x3)
[1109/111540.766:ERROR:directory_reader_win.cc(43)] FindFirstFile: The system cannot find the path specified. (0x3)
[1110/102639.754:ERROR:directory_reader_win.cc(43)] FindFirstFile: The system cannot find the path specified. (0x3)
[1111/110109.753:ERROR:directory_reader_win.cc(43)] FindFirstFile: The system cannot find the path specified. (0x3)
[1112/102840.641:ERROR:directory_reader_win.cc(43)] FindFirstFile: The system cannot find the path specified. (0x3)
[1113/110158.844:ERROR:directory_reader_win.cc(43)] FindFirstFile: The system cannot find the path specified. (0x3)
[1118/101346.699:ERROR:directory_reader_win.cc(43)] FindFirstFile: The system cannot find the path specified. (0x3)
[1119/101639.103:ERROR:directory_reader_win.cc(43)] FindFirstFile: The system cannot find the path specified. (0x3)
[1120/095351.591:ERROR:directory_reader_win.cc(43)] FindFirstFile: The system cannot find the path specified. (0x3)
[1121/105241.815:ERROR:directory_reader_win.cc(43)] FindFirstFile: The system cannot find the path specified. (0x3)
[1123/102231.702:ERROR:directory_reader_win.cc(43)] FindFirstFile: The system cannot find the path specified. (0x3)
[1128/111318.731:ERROR:directory_reader_win.cc(43)] FindFirstFile: The system cannot find the path specified. (0x3)
